Rendering notebooks in group: core...
Cleared rendered output directory: /home/runner/work/rail_notebooks/rail_notebooks/docs/pipeline_examples/rendered/core_examples
RENDERING: 01_FileIO_DataStore


[0;31m---------------------------------------------------------------------------[0m
[0;31mAttributeError[0m                            Traceback (most recent call last)
Cell [0;32mIn[7], line 1[0m
[0;32m----> 1[0m DS [38;5;241m=[39m [43mRailStage[49m[38;5;241;43m.[39;49m[43mdata_store[49m
[1;32m      2[0m DS[38;5;241m.[39m[38;5;18m__class__[39m[38;5;241m.[39mallow_overwrite [38;5;241m=[39m [38;5;28;01mTrue[39;00m

[0;31mAttributeError[0m: type object 'RailStage' has no attribute 'data_store'

RENDERING: 06_Rail_Interfaces
[1;32m    485[0m [38;5;28;01mif[39;00m path [38;5;129;01mnot[39;00m [38;5;129;01min[39;00m [[38;5;124m"[39m[38;5;124mNone[39m[38;5;124m"[39m, [38;5;124m"[39m[38;5;124mnone[39m[38;5;124m"[39m, [38;5;28;01mNone[39;00m]:
[1;32m    486[0m     [38;5;66;03m# Path exists, use that[39;00m
[1;32m    487[0m     [38;5;28;01mif[39;00m [38;5;129;01mnot[39;00m os[38;5;241m.[39mpath[38;5;241m.[39misfile(path):
[0;32m--> 488[0m         [38;5;28;01mraise[39;00m [38;5;167;01mFileNotFoundError[39;00m([38;5;124mf[39m[38;5;124m"[39m[38;5;124mUnable to find file: [39m[38;5;132;01m{[39;00mpath[38;5;132;01m}[39;00m[38;5;124m"[39m)
[1;32m    489[0m     handle[38;5;241m.[39mpath [38;5;241m=[39m path
[1;32m    490[0m     [38;5;28;01mif[39;00m do_read:
[1;32m    491[0m         [38;5;66;03m# Read the data using the handle[39;00m

[0;31mFileNotFoundError[0m: Unable to find file: model_inform_trainz.pkl

RENDERING: 02_FluxtoMag_and_Deredden
[0;32m--> 518[0m     np[38;5;241m.[39marray([43mdata[49m[43m[[49m[38;5;28;43mself[39;49m[38;5;241;43m.[39;49m[43mconfig[49m[38;5;241;43m.[39;49m[43mra_name[49m[43m][49m),
[1;32m    519[0m     np[38;5;241m.[39marray(data[[38;5;28mself[39m[38;5;241m.[39mconfig[38;5;241m.[39mdec_name]),
[1;32m    520[0m     unit[38;5;241m=[39m[38;5;124m"[39m[38;5;124mdeg[39m[38;5;124m"[39m,
[1;32m    521[0m     frame[38;5;241m=[39m[38;5;124m"[39m[38;5;124mfk5[39m[38;5;124m"[39m,
[1;32m    522[0m )
[1;32m    523[0m dust_map_dict [38;5;241m=[39m [38;5;28mdict[39m(sfd[38;5;241m=[39mdustmaps_sfd[38;5;241m.[39mSFDQuery)
[1;32m    524[0m [38;5;28;01mtry[39;00m:

[0;31mKeyError[0m: 'ra'

RENDERING: 03_Hyperbolic_Magnitude
RENDERING: 00_Useful_Utilities
[0;32m---> 43[0m     [38;5;28;01mreturn[39;00m [43mflow_model_read[49m[43m([49m[43mpath[49m[43m)[49m

File [0;32m/opt/hostedtoolcache/Python/3.10.20/x64/lib/python3.10/site-packages/rail/tools/flow_handle.py:13[0m, in [0;36mflow_model_read[0;34m(modelfile)[0m
[1;32m     11[0m [38;5;28;01mdef[39;00m[38;5;250m [39m[38;5;21mflow_model_read[39m(modelfile: [38;5;28mstr[39m) [38;5;241m-[39m[38;5;241m>[39m ModelLike:
[1;32m     12[0m [38;5;250m    [39m[38;5;124;03m"""Default function to read model files, simply used pickle.load"""[39;00m
[0;32m---> 13[0m     flow [38;5;241m=[39m [43mFlow[49m[43m([49m[43mfile[49m[38;5;241;43m=[39;49m[43mmodelfile[49m[43m)[49m
[1;32m     14[0m     [38;5;28;01mreturn[39;00m flow

[0;31mTypeError[0m: Flow.__init__() got an unexpected keyword argument 'file'

RENDERING: 04_Iterate_Tabular_Data
RENDERING: 05_Build_Save_Load_Run_Pipeline
[0;32m---> 43[0m     [38;5;28;01mreturn[39;00m [43mflow_model_read[49m[43m([49m[43mpath[49m[43m)[49m

File [0;32m/opt/hostedtoolcache/Python/3.10.20/x64/lib/python3.10/site-packages/rail/tools/flow_handle.py:13[0m, in [0;36mflow_model_read[0;34m(modelfile)[0m
[1;32m     11[0m [38;5;28;01mdef[39;00m[38;5;250m [39m[38;5;21mflow_model_read[39m(modelfile: [38;5;28mstr[39m) [38;5;241m-[39m[38;5;241m>[39m ModelLike:
[1;32m     12[0m [38;5;250m    [39m[38;5;124;03m"""Default function to read model files, simply used pickle.load"""[39;00m
[0;32m---> 13[0m     flow [38;5;241m=[39m [43mFlow[49m[43m([49m[43mfile[49m[38;5;241;43m=[39;49m[43mmodelfile[49m[43m)[49m
[1;32m     14[0m     [38;5;28;01mreturn[39;00m flow

[0;31mTypeError[0m: Flow.__init__() got an unexpected keyword argument 'file'


NOTEBOOK RENDERING STATUS:
R. Code  Notebook
-------  ------------------------------------------------------------
      1  /home/runner/work/rail_notebooks/rail/pipeline_examples/core_examples/01_FileIO_DataStore.ipynb
      1  /home/runner/work/rail_notebooks/rail/pipeline_examples/core_examples/06_Rail_Interfaces.ipynb
      1  /home/runner/work/rail_notebooks/rail/pipeline_examples/core_examples/02_FluxtoMag_and_Deredden.ipynb
      0  /home/runner/work/rail_notebooks/rail/pipeline_examples/core_examples/03_Hyperbolic_Magnitude.ipynb
      1  /home/runner/work/rail_notebooks/rail/pipeline_examples/core_examples/00_Useful_Utilities.ipynb
      0  /home/runner/work/rail_notebooks/rail/pipeline_examples/core_examples/04_Iterate_Tabular_Data.ipynb
      1  /home/runner/work/rail_notebooks/rail/pipeline_examples/core_examples/05_Build_Save_Load_Run_Pipeline.ipynb

5 FAILED NOTEBOOK(S):
1. /home/runner/work/rail_notebooks/rail/pipeline_examples/core_examples/01_FileIO_DataStore.ipynb
2. /home/runner/work/rail_notebooks/rail/pipeline_examples/core_examples/06_Rail_Interfaces.ipynb
3. /home/runner/work/rail_notebooks/rail/pipeline_examples/core_examples/02_FluxtoMag_and_Deredden.ipynb
4. /home/runner/work/rail_notebooks/rail/pipeline_examples/core_examples/00_Useful_Utilities.ipynb
5. /home/runner/work/rail_notebooks/rail/pipeline_examples/core_examples/05_Build_Save_Load_Run_Pipeline.ipynb

Traceback (most recent call last):
  File "/home/runner/work/rail_notebooks/rail_notebooks/src/rail_notebooks/render_notebooks.py", line 285, in <module>
    run_render_notebook_group()
  File "/home/runner/work/rail_notebooks/rail_notebooks/src/rail_notebooks/render_notebooks.py", line 281, in run_render_notebook_group
    _report_render_status(status, verbose)
  File "/home/runner/work/rail_notebooks/rail_notebooks/src/rail_notebooks/render_notebooks.py", line 229, in _report_render_status
    raise ValueError(
ValueError: 5 out of 7 notebooks failed to render.
