Rendering notebooks in group: creation...
Cleared rendered output directory: /home/runner/work/rail_notebooks/rail_notebooks/docs/interactive_examples/rendered/creation_examples
RENDERING: Spectroscopic_Selection_for_zCOSMOS
RENDERING: DSPS_SED

File [0;32m/opt/hostedtoolcache/Python/3.10.20/x64/lib/python3.10/site-packages/dsps/data_loaders/load_filter_data.py:68[0m, in [0;36mload_transmission_curve[0;34m(fn, bn_pat, drn)[0m
[1;32m     65[0m     [38;5;28;01massert[39;00m [38;5;28mlen[39m(fn_list) [38;5;241m<[39m [38;5;241m2[39m, msg[38;5;241m.[39mformat(bn_pat, drn)
[1;32m     66[0m     fn [38;5;241m=[39m fn_list[[38;5;241m0[39m]
[0;32m---> 68[0m [38;5;28;01massert[39;00m os[38;5;241m.[39mpath[38;5;241m.[39misfile(fn), [38;5;124m"[39m[38;5;132;01m{0}[39;00m[38;5;124m does not exist[39m[38;5;124m"[39m[38;5;241m.[39mformat(fn)
[1;32m     69[0m [38;5;28;01mwith[39;00m h5py[38;5;241m.[39mFile(fn, [38;5;124m"[39m[38;5;124mr[39m[38;5;124m"[39m) [38;5;28;01mas[39;00m hdf:
[1;32m     70[0m     wave [38;5;241m=[39m hdf[[38;5;124m"[39m[38;5;124mwave[39m[38;5;124m"[39m][[38;5;241m.[39m[38;5;241m.[39m[38;5;241m.[39m]

[0;31mAssertionError[0m: /opt/hostedtoolcache/Python/3.10.20/x64/lib/python3.10/site-packages/rail/examples_data/creation_data/data/dsps_default_data/filters/lsst_,_transmission.h5 does not exist

RENDERING: FSPS_SED
[1;32m    670[0m         duste_umin[38;5;241m=[39mduste_umin[i],
[1;32m    671[0m         duste_qpah[38;5;241m=[39mduste_qpah[i],
[1;32m    672[0m         fagn[38;5;241m=[39mfagn[i],
[1;32m    673[0m         agn_tau[38;5;241m=[39magn_tau[i],
[1;32m    674[0m     )
[1;32m    676[0m     [38;5;28;01mif[39;00m [38;5;28mself[39m[38;5;241m.[39mconfig[38;5;241m.[39msfh_type [38;5;241m==[39m [38;5;241m3[39m:
[1;32m    677[0m         [38;5;28;01massert[39;00m tabulated_sfhs [38;5;129;01mis[39;00m [38;5;129;01mnot[39;00m [38;5;28;01mNone[39;00m

[0;31mNameError[0m: name 'fsps' is not defined

RENDERING: Blending_Degrader
RENDERING: Spatial_Variability
RENDERING: Photometric_Realization_with_Other_Surveys
RENDERING: SOM_Spectroscopic_Selector
[1;32m    238[0m            radiuscooling, scale0, scaleN, scalecooling,
[1;32m    239[0m            [38;5;28mself[39m[38;5;241m.[39m_kernel_type, [38;5;28mself[39m[38;5;241m.[39m_map_type, [38;5;28mself[39m[38;5;241m.[39m_grid_type,
[1;32m    240[0m            [38;5;28mself[39m[38;5;241m.[39m_compact_support, [38;5;28mself[39m[38;5;241m.[39m_neighborhood [38;5;241m==[39m [38;5;124m"[39m[38;5;124mgaussian[39m[38;5;124m"[39m,
[1;32m    241[0m            [38;5;28mself[39m[38;5;241m.[39m_std_coeff, [38;5;28mself[39m[38;5;241m.[39m_verbose, [38;5;28mself[39m[38;5;241m.[39mcodebook, [38;5;28mself[39m[38;5;241m.[39mbmus,
[1;32m    242[0m            [38;5;28mself[39m[38;5;241m.[39mumatrix, [38;5;28mself[39m[38;5;241m.[39m_vect_distance)
[1;32m    243[0m [38;5;28mself[39m[38;5;241m.[39mumatrix[38;5;241m.[39mshape [38;5;241m=[39m ([38;5;28mself[39m[38;5;241m.[39m_n_rows, [38;5;28mself[39m[38;5;241m.[39m_n_columns)
[1;32m    244[0m [38;5;28mself[39m[38;5;241m.[39mbmus[38;5;241m.[39mshape [38;5;241m=[39m ([38;5;28mself[39m[38;5;241m.[39mn_vectors, [38;5;241m2[39m)

[0;31mNameError[0m: name 'wrap_train' is not defined

RENDERING: True_Posterior
RENDERING: Quick_Start_in_Creation
RENDERING: Exploring_the_Effects_of_Degraders
RENDERING: GridSelection_for_HSC
RENDERING: Photometric_Realization

NOTEBOOK RENDERING STATUS:
R. Code  Notebook
-------  ------------------------------------------------------------
      0  /home/runner/work/rail_notebooks/rail/interactive_examples/creation_examples/Spectroscopic_Selection_for_zCOSMOS.ipynb
      1  /home/runner/work/rail_notebooks/rail/interactive_examples/creation_examples/DSPS_SED.ipynb
      1  /home/runner/work/rail_notebooks/rail/interactive_examples/creation_examples/FSPS_SED.ipynb
      0  /home/runner/work/rail_notebooks/rail/interactive_examples/creation_examples/Blending_Degrader.ipynb
      0  /home/runner/work/rail_notebooks/rail/interactive_examples/creation_examples/Spatial_Variability.ipynb
      0  /home/runner/work/rail_notebooks/rail/interactive_examples/creation_examples/Photometric_Realization_with_Other_Surveys.ipynb
      1  /home/runner/work/rail_notebooks/rail/interactive_examples/creation_examples/SOM_Spectroscopic_Selector.ipynb
      0  /home/runner/work/rail_notebooks/rail/interactive_examples/creation_examples/True_Posterior.ipynb
      0  /home/runner/work/rail_notebooks/rail/interactive_examples/creation_examples/Quick_Start_in_Creation.ipynb
      0  /home/runner/work/rail_notebooks/rail/interactive_examples/creation_examples/Exploring_the_Effects_of_Degraders.ipynb
      0  /home/runner/work/rail_notebooks/rail/interactive_examples/creation_examples/GridSelection_for_HSC.ipynb
      0  /home/runner/work/rail_notebooks/rail/interactive_examples/creation_examples/Photometric_Realization.ipynb

3 FAILED NOTEBOOK(S):
1. /home/runner/work/rail_notebooks/rail/interactive_examples/creation_examples/DSPS_SED.ipynb
2. /home/runner/work/rail_notebooks/rail/interactive_examples/creation_examples/FSPS_SED.ipynb
3. /home/runner/work/rail_notebooks/rail/interactive_examples/creation_examples/SOM_Spectroscopic_Selector.ipynb

Traceback (most recent call last):
  File "/home/runner/work/rail_notebooks/rail_notebooks/src/rail_notebooks/render_notebooks.py", line 285, in <module>
    run_render_notebook_group()
  File "/home/runner/work/rail_notebooks/rail_notebooks/src/rail_notebooks/render_notebooks.py", line 281, in run_render_notebook_group
    _report_render_status(status, verbose)
  File "/home/runner/work/rail_notebooks/rail_notebooks/src/rail_notebooks/render_notebooks.py", line 229, in _report_render_status
    raise ValueError(
ValueError: 3 out of 12 notebooks failed to render.
