Rendering notebooks in group: goldenspike...
RENDERING: Goldenspike
[32m     20[39m nns = [np.argmin(np.abs(z_grid - true_z[ii])) [38;5;28;01mfor[39;00m ii [38;5;129;01min[39;00m [38;5;28mrange[39m(n_obs)]
[32m     21[39m term2 = np.mean(cde_estimates[[38;5;28mrange[39m(n_obs), nns])

[36mFile [39m[32m/opt/hostedtoolcache/Python/3.11.15/x64/lib/python3.11/site-packages/numpy/__init__.py:792[39m, in [36m__getattr__[39m[34m(attr)[39m
[32m    789[39m     [38;5;28;01mimport[39;00m[38;5;250m [39m[34;01mnumpy[39;00m[34;01m.[39;00m[34;01mchar[39;00m[38;5;250m [39m[38;5;28;01mas[39;00m[38;5;250m [39m[34;01mchar[39;00m
[32m    790[39m     [38;5;28;01mreturn[39;00m char.chararray
[32m--> [39m[32m792[39m [38;5;28;01mraise[39;00m [38;5;167;01mAttributeError[39;00m([33mf[39m[33m"[39m[33mmodule [39m[38;5;132;01m{[39;00m[34m__name__[39m[38;5;132;01m!r}[39;00m[33m has no attribute [39m[38;5;132;01m{[39;00mattr[38;5;132;01m!r}[39;00m[33m"[39m)

[31mAttributeError[39m: module 'numpy' has no attribute 'trapz'


NOTEBOOK RENDERING STATUS:
R. Code  Notebook
-------  ------------------------------------------------------------
      1  /home/runner/work/rail_notebooks/rail/interactive_examples/goldenspike_examples/Goldenspike.ipynb

1 FAILED NOTEBOOK(S):
1. /home/runner/work/rail_notebooks/rail/interactive_examples/goldenspike_examples/Goldenspike.ipynb

Traceback (most recent call last):
  File "/home/runner/work/rail_notebooks/rail_notebooks/src/rail_notebooks/render_notebooks.py", line 285, in <module>
    run_render_notebook_group()
  File "/home/runner/work/rail_notebooks/rail_notebooks/src/rail_notebooks/render_notebooks.py", line 281, in run_render_notebook_group
    _report_render_status(status, verbose)
  File "/home/runner/work/rail_notebooks/rail_notebooks/src/rail_notebooks/render_notebooks.py", line 229, in _report_render_status
    raise ValueError(
ValueError: 1 out of 1 notebooks failed to render.
